<?xml version="1.0" encoding="UTF-8"?>
<!-- Generated by org.testng.reporters.JUnitReportReporter -->
<testsuite hostname="SREENU-PC" failures="0" tests="2" name="Testngpractice.ParallelFIRST" time="79.517" errors="0" timestamp="2019-12-10T15:40:13 IST" skipped="0">
  <testcase classname="Testngpractice.ParallelFIRST" name="gettitle" time="38.633"/>
  <testcase classname="Testngpractice.ParallelFIRST" name="msg" time="40.884"/>
</testsuite> <!-- Testngpractice.ParallelFIRST -->
