<?xml version="1.0" encoding="UTF-8"?>
<!-- Generated by org.testng.reporters.JUnitReportReporter -->
<testsuite hostname="SREENU-PC" failures="0" tests="1" name="Testngpractice.Class1" time="0.001" errors="0" timestamp="2019-12-10T12:56:58 IST" skipped="0">
  <testcase classname="Testngpractice.Class1" name="d1" time="0.001"/>
</testsuite> <!-- Testngpractice.Class1 -->
