<?xml version="1.0" encoding="UTF-8"?>
<!-- Generated by org.testng.reporters.JUnitReportReporter -->
<testsuite hostname="SREENU-PC" failures="0" tests="2" name="Testngpractice.Gettitle" time="42.655" errors="0" timestamp="2019-12-10T12:52:18 IST" skipped="0">
  <testcase classname="Testngpractice.Gettitle" name="gettitle" time="17.210"/>
  <testcase classname="Testngpractice.Gettitle" name="msg" time="25.445"/>
</testsuite> <!-- Testngpractice.Gettitle -->
