<?xml version="1.0" encoding="UTF-8"?>
<!-- Generated by org.testng.reporters.JUnitReportReporter -->
<testsuite hostname="SREENU-PC" failures="0" tests="2" name="Testngpractice.ParallelFIRST" time="93.584" errors="0" timestamp="2019-12-11T23:16:45 IST" skipped="0">
  <testcase classname="Testngpractice.ParallelFIRST" name="msg" time="48.388"/>
  <testcase classname="Testngpractice.ParallelFIRST" name="gettitle" time="45.196"/>
</testsuite> <!-- Testngpractice.ParallelFIRST -->
