<?xml version="1.0" encoding="UTF-8"?>
<!-- Generated by org.testng.reporters.JUnitReportReporter -->
<testsuite hostname="SREENU-PC" failures="0" tests="1" name="NewTest" time="0.010" errors="0" timestamp="2019-12-11T15:07:48 IST" skipped="0">
  <testcase classname="NewTest" name="f" time="0.010"/>
</testsuite> <!-- NewTest -->
